<?xml version="1.0" encoding="UTF-8"?>
<!-- Generated by org.testng.reporters.JUnitReportReporter -->
<testsuite hostname="Trayambkay" failures="0" tests="3" name="com.project.testscripts.TaskModule" time="17.037" errors="0" timestamp="2023-09-09T12:23:24 IST" skipped="0">
  <testcase classname="com.project.testscripts.TaskModule" name="createTask" time="7.570">
    <system-out>
      <![CDATA[create Task]]>
    </system-out>
  </testcase> <!-- createTask -->
  <testcase classname="com.project.testscripts.TaskModule" name="modifyTask" time="4.621">
    <system-out>
      <![CDATA[modify Task]]>
    </system-out>
  </testcase> <!-- modifyTask -->
  <testcase classname="com.project.testscripts.TaskModule" name="deleteTask" time="4.846">
    <system-out>
      <![CDATA[delete Task]]>
    </system-out>
  </testcase> <!-- deleteTask -->
  <system-out>
    <![CDATA[open browser
open browser
open browser
Logingin
create Customer
Logout
Logingin
create Task
Logout
Logingin
create Project
Logout
closingBrowser
Logingin
modify Task
Logout
Logingin
modify Customer
Logout
Logingin
delete Task
Logout
Logingin
delete Customer
Logout
closingBrowser
closingBrowser]]>
  </system-out>
</testsuite> <!-- com.project.testscripts.TaskModule -->
