<?xml version="1.0" encoding="UTF-8"?>
<!-- Generated by org.testng.reporters.JUnitReportReporter -->
<testsuite hostname="Trayambkay" failures="0" tests="3" name="com.project.testscripts.CustomerModule" time="18.720" errors="0" timestamp="2023-09-09T12:23:24 IST" skipped="0">
  <testcase classname="com.project.testscripts.CustomerModule" name="createCustomer" time="4.801">
    <system-out>
      <![CDATA[create Customer]]>
    </system-out>
  </testcase> <!-- createCustomer -->
  <testcase classname="com.project.testscripts.CustomerModule" name="modifyCustomer" time="4.795">
    <system-out>
      <![CDATA[modify Customer]]>
    </system-out>
  </testcase> <!-- modifyCustomer -->
  <testcase classname="com.project.testscripts.CustomerModule" name="deleteCustomer" time="9.124">
    <system-out>
      <![CDATA[delete Customer]]>
    </system-out>
  </testcase> <!-- deleteCustomer -->
  <system-out>
    <![CDATA[open browser
open browser
open browser
Logingin
create Customer
Logout
Logingin
create Task
Logout
Logingin
create Project
Logout
closingBrowser
Logingin
modify Task
Logout
Logingin
modify Customer
Logout
Logingin
delete Task
Logout
Logingin
delete Customer
Logout
closingBrowser
closingBrowser]]>
  </system-out>
</testsuite> <!-- com.project.testscripts.CustomerModule -->
